<?xml version="1.0" encoding="UTF-8"?>
<!-- Generated by org.testng.reporters.JUnitReportReporter -->
<testsuite hostname="LTIN-APLCJFXXP60KJ" failures="0" tests="1" name="com.cdw.practice.Scripts.Test001" time="1.056" errors="0" timestamp="2024-05-14T15:04:19 IST" skipped="0">
  <testcase classname="com.cdw.practice.Scripts.Test001" name="test001" time="1.056"/>
  <system-out>
    <![CDATA[Google Search Page loaded Successfully
Enter Venky in Google Search Page]]>
  </system-out>
</testsuite> <!-- com.cdw.practice.Scripts.Test001 -->
