<?xml version="1.0" encoding="UTF-8"?>
<!-- Generated by org.testng.reporters.JUnitReportReporter -->
<testsuite hostname="LTIN-APLCJFXXP60KJ" failures="0" tests="1" name="com.cdw.practice.AppTest" time="0.003" errors="0" timestamp="2024-05-14T15:02:26 IST" skipped="0">
  <testcase classname="com.cdw.practice.AppTest" name="testApp" time="0.003"/>
  <system-out/>
</testsuite> <!-- com.cdw.practice.AppTest -->
